<html xmlns:math="http://exslt.org/math" xmlns:testng="http://testng.org">
   <head>
      <title>TestNG Results</title>
      <meta http-equiv="content-type" content="text/html; charset=utf-8"></meta>
      <meta http-equiv="pragma" content="no-cache"></meta>
      <meta http-equiv="cache-control" content="max-age=0"></meta>
      <meta http-equiv="cache-control" content="no-cache"></meta>
      <meta http-equiv="cache-control" content="no-store"></meta>
      <LINK rel="stylesheet" href="style.css"></LINK>
      <script type="text/javascript" src="main.js"></script>
   </head>
   <body>
      <table width="100%" style="font-size: 16px; margin-bottom: 10px;" cellspacing="1">
         <tr>
            <td width="100%">
               All methods in suite
               
               <b>Default suite</b>
            </td>
            <td style="background-color: #FFBBBB; padding: 3px 3px 3px 0;" align="center">
               <div style="width: 50px;">1</div>
            </td>
            <td style="background-color: lightgreen; padding: 3px 3px 3px 0;" align="center">
               <div style="width: 50px;">3</div>
            </td>
            <td style="background-color: #FFFFBB; padding: 3px 3px 3px 0;" align="center">
               <div style="width: 50px;">0</div>
            </td>
            <td align="center" style="background-color: #eaf0f7; padding: 3px 3px 3px 0;">
               <div style="width: 50px;">4</div>
            </td>
            <td align="center"
                style="font-weight: bold; background-color: #eaf0f7; padding: 3px 3px 3px 0;">
               <div style="width: 50px;">75%</div>
            </td>
            <td style="background-color: #eaf0f7; padding: 3px 3px 3px 0;" align="center"
                nowrap="true">1m
               57s
               
            </td>
         </tr>
      </table>
      <div style="width: 200px;">
         <label for="groupMethodsCheckBox" style="font-weight: bold; margin: 0;">
            <input id="groupMethodsCheckBox" type="checkbox" onclick="switchTestMethodsView(this)"
                   checked=""></input>
            Group by class
            
         </label>
         <br></br>
         <label for="methodsFilter_ALL" style="font-weight: bold; margin: 0;">
            <input id="methodsFilter_ALL" type="checkbox"
                   onclick="testMethodsFilterChanged(this, 'ALL')"
                   checked=""></input>
            All
            
         </label>
      </div>
      <label for="methodsFilter_FAIL" style="margin-left: 20px;">
         <input id="methodsFilter_FAIL" type="checkbox"
                onclick="testMethodsFilterChanged(this, 'FAIL')"
                checked=""></input>
         Failed
         
      </label>
      <label for="methodsFilter_PASS">
         <input id="methodsFilter_PASS" type="checkbox"
                onclick="testMethodsFilterChanged(this, 'PASS')"
                checked=""></input>
         Passed
         
      </label>
      <label for="methodsFilter_SKIP">
         <input id="methodsFilter_SKIP" type="checkbox"
                onclick="testMethodsFilterChanged(this, 'SKIP')"
                checked=""></input>
         Skipped
         
      </label>
      <label for="methodsFilter_CONF">
         <input id="methodsFilter_CONF" type="checkbox"
                onclick="testMethodsFilterChanged(this, 'CONF')"
                checked=""></input>
         Config
         
      </label>
      <br></br>
      <div id="testMethodsByStatus" style="display: none;">
         <table class="testMethodsTable" cellpadding="0" cellspacing="0">
            <tr class="methodsTableHeader">
               <td width="100%">Name</td>
               <td nowrap="true">Started</td>
               <td nowrap="true">Duration</td>
               <td>Exception</td>
            </tr>
            <tr id="SELENIUM.DEMO.AUTOMATIZACION.REGISTRO.TC_03_TiendaVerifLoginInvalidDatos_test3_byStatus_failed_FAIL1_row"
                class="testMethodStatusFAIL">
               <td width="100%" class="firstMethodCell">
                  <a onclick="toggleDetailsVisibility('SELENIUM.DEMO.AUTOMATIZACION.REGISTRO.TC_03_TiendaVerifLoginInvalidDatos_test3_byStatus_failed_FAIL1_details')">test3()</a>
               </td>
               <td nowrap="true">16:06:50</td>
               <td nowrap="true" align="right">36s
                  
               </td>
               <td nowrap="true">
                  <a onclick="toggleDetailsVisibility('SELENIUM.DEMO.AUTOMATIZACION.REGISTRO.TC_03_TiendaVerifLoginInvalidDatos_test3_byStatus_failed_FAIL1_exception')">org.openqa.selenium.NoSuchElementException: 
                     Unable to locate element: .//*[@id='id_gender1']
                     For documentation on this error, please visit: http://seleniumhq.org/exceptions/no_such_element.html
                     Build info: version: '3.4.0', revision: 'unknown', time: 'unknown'
                     System info: host: 'TOSHIBA', ip: '192.168.1.68', os.name: 'Windows 8', os.arch: 'amd64', os.version: '6.2', java.version:
                     '1.8.0_101'
                     Driver info: org.openqa.selenium.firefox.FirefoxDriver
                     Capabilities [{moz:profile=C:\Users\Xia\AppData\Local\Temp\rust_mozprofile.ds7vZogrqrVq, rotatable=false, timeouts={implicit=0.0,
                     pageLoad=300000.0, script=30000.0}, pageLoadStrategy=normal, platform=ANY, specificationLevel=0.0, moz:accessibilityChecks=false,
                     acceptInsecureCerts=false, browserVersion=55.0, platformVersion=6.2, moz:processID=5920.0, browserName=firefox, javascriptEnabled=true,
                     platformName=windows_nt}]
                     Session ID: 11565cc9-b756-439f-b01e-a90755994933
                     *** Element info: {Using=xpath, value=.//*[@id='id_gender1']}
                     
                  </a>
                   
                  
               </td>
            </tr>
            <tr>
               <td colspan="4" class="detailsBox">
                  <div id="SELENIUM.DEMO.AUTOMATIZACION.REGISTRO.TC_03_TiendaVerifLoginInvalidDatos_test3_byStatus_failed_FAIL1_details"
                       class="testMethodDetails">
                     <div>
                        <b>Name: </b>test3
                     </div>
                     <div>
                        <b>Description: </b>Generación de registro
                     </div>
                     <div>
                        <b>Signature: </b>test3()[pri:2, instance:SELENIUM.DEMO.AUTOMATIZACION.REGISTRO.TC_03_TiendaVerifLoginInvalidDatos@2d928643]
                     </div>
                     <div>
                        <b>Start time: </b>16:06:50
                     </div>
                     <div>
                        <b>End time: </b>16:07:27
                     </div>
                     <div>
                        <b>Duration: </b>36s
                        
                     </div>
                  </div>
               </td>
            </tr>
            <tr>
               <td colspan="4" class="detailsBox">
                  <div id="SELENIUM.DEMO.AUTOMATIZACION.REGISTRO.TC_03_TiendaVerifLoginInvalidDatos_test3_byStatus_failed_FAIL1_exception"
                       class="testMethodDetails">
                     <pre style="padding: 5px; margin: 0;">org.openqa.selenium.NoSuchElementException: Unable to locate element: .//*[@id='id_gender1']
                        For documentation on this error, please visit: http://seleniumhq.org/exceptions/no_such_element.html
                        Build info: version: '3.4.0', revision: 'unknown', time: 'unknown'
                        System info: host: 'TOSHIBA', ip: '192.168.1.68', os.name: 'Windows 8', os.arch: 'amd64', os.version: '6.2', java.version:
                        '1.8.0_101'
                        Driver info: org.openqa.selenium.firefox.FirefoxDriver
                        Capabilities [{moz:profile=C:\Users\Xia\AppData\Local\Temp\rust_mozprofile.ds7vZogrqrVq, rotatable=false, timeouts={implicit=0.0,
                        pageLoad=300000.0, script=30000.0}, pageLoadStrategy=normal, platform=ANY, specificationLevel=0.0, moz:accessibilityChecks=false,
                        acceptInsecureCerts=false, browserVersion=55.0, platformVersion=6.2, moz:processID=5920.0, browserName=firefox, javascriptEnabled=true,
                        platformName=windows_nt}]
                        Session ID: 11565cc9-b756-439f-b01e-a90755994933
                        *** Element info: {Using=xpath, value=.//*[@id='id_gender1']}
                        	at sun.reflect.NativeConstructorAccessorImpl.newInstance0(Native Method)
                        	at sun.reflect.NativeConstructorAccessorImpl.newInstance(Unknown Source)
                        	at sun.reflect.DelegatingConstructorAccessorImpl.newInstance(Unknown Source)
                        	at java.lang.reflect.Constructor.newInstance(Unknown Source)
                        	at org.openqa.selenium.remote.http.W3CHttpResponseCodec.createException(W3CHttpResponseCodec.java:150)
                        	at org.openqa.selenium.remote.http.W3CHttpResponseCodec.decode(W3CHttpResponseCodec.java:115)
                        	at org.openqa.selenium.remote.http.W3CHttpResponseCodec.decode(W3CHttpResponseCodec.java:45)
                        	at org.openqa.selenium.remote.HttpCommandExecutor.execute(HttpCommandExecutor.java:164)
                        	at org.openqa.selenium.remote.service.DriverCommandExecutor.execute(DriverCommandExecutor.java:82)
                        	at org.openqa.selenium.remote.RemoteWebDriver.execute(RemoteWebDriver.java:637)
                        	at org.openqa.selenium.remote.RemoteWebDriver.findElement(RemoteWebDriver.java:410)
                        	at org.openqa.selenium.remote.RemoteWebDriver.findElementByXPath(RemoteWebDriver.java:509)
                        	at org.openqa.selenium.By$ByXPath.findElement(By.java:361)
                        	at org.openqa.selenium.remote.RemoteWebDriver.findElement(RemoteWebDriver.java:402)
                        	at org.openqa.selenium.support.pagefactory.DefaultElementLocator.findElement(DefaultElementLocator.java:69)
                        	at org.openqa.selenium.support.pagefactory.internal.LocatingElementHandler.invoke(LocatingElementHandler.java:38)
                        	at com.sun.proxy.$Proxy6.click(Unknown Source)
                        	at SELENIUM.DEMO.AUTOMATIZACION.UIACTION.HomePageCreaCuentaTienda.crearCuenta(HomePageCreaCuentaTienda.java:156)
                        	at SELENIUM.DEMO.AUTOMATIZACION.REGISTRO.TC_03_TiendaVerifLoginInvalidDatos.test3(TC_03_TiendaVerifLoginInvalidDatos.java:76)
                        	at sun.reflect.NativeMethodAccessorImpl.invoke0(Native Method)
                        	at sun.reflect.NativeMethodAccessorImpl.invoke(Unknown Source)
                        	at sun.reflect.DelegatingMethodAccessorImpl.invoke(Unknown Source)
                        	at java.lang.reflect.Method.invoke(Unknown Source)
                        	at org.testng.internal.MethodInvocationHelper.invokeMethod(MethodInvocationHelper.java:104)
                        	at org.testng.internal.Invoker.invokeMethod(Invoker.java:645)
                        	at org.testng.internal.Invoker.invokeTestMethod(Invoker.java:851)
                        	at org.testng.internal.Invoker.invokeTestMethods(Invoker.java:1177)
                        	at org.testng.internal.TestMethodWorker.invokeTestMethods(TestMethodWorker.java:129)
                        	at org.testng.internal.TestMethodWorker.run(TestMethodWorker.java:112)
                        	at org.testng.TestRunner.privateRun(TestRunner.java:756)
                        	at org.testng.TestRunner.run(TestRunner.java:610)
                        	at org.testng.SuiteRunner.runTest(SuiteRunner.java:387)
                        	at org.testng.SuiteRunner.runSequentially(SuiteRunner.java:382)
                        	at org.testng.SuiteRunner.privateRun(SuiteRunner.java:340)
                        	at org.testng.SuiteRunner.run(SuiteRunner.java:289)
                        	at org.testng.SuiteRunnerWorker.runSuite(SuiteRunnerWorker.java:52)
                        	at org.testng.SuiteRunnerWorker.run(SuiteRunnerWorker.java:86)
                        	at org.testng.TestNG.runSuitesSequentially(TestNG.java:1293)
                        	at org.testng.TestNG.runSuitesLocally(TestNG.java:1218)
                        	at org.testng.TestNG.runSuites(TestNG.java:1133)
                        	at org.testng.TestNG.run(TestNG.java:1104)
                        	at org.testng.remote.AbstractRemoteTestNG.run(AbstractRemoteTestNG.java:114)
                        	at org.testng.remote.RemoteTestNG.initAndRun(RemoteTestNG.java:251)
                        	at org.testng.remote.RemoteTestNG.main(RemoteTestNG.java:77)
                     </pre>
                  </div>
               </td>
            </tr>
            <tr id="SELENIUM.DEMO.AUTOMATIZACION.REGISTRO.TC_03_TiendaVerifLoginInvalidDatos_setUP_byStatus_passed_PASS1_row"
                class="testMethodStatusPASS testMethodStatusCONF">
               <td width="100%" class="firstMethodCell">
                  <a onclick="toggleDetailsVisibility('SELENIUM.DEMO.AUTOMATIZACION.REGISTRO.TC_03_TiendaVerifLoginInvalidDatos_setUP_byStatus_passed_PASS1_details')">setUP()</a>
               </td>
               <td nowrap="true">16:05:37</td>
               <td nowrap="true" align="right">35s
                  
               </td>
               <td nowrap="true">
                   
                  
               </td>
            </tr>
            <tr>
               <td colspan="4" class="detailsBox">
                  <div id="SELENIUM.DEMO.AUTOMATIZACION.REGISTRO.TC_03_TiendaVerifLoginInvalidDatos_setUP_byStatus_passed_PASS1_details"
                       class="testMethodDetails">
                     <div>
                        <b>Name: </b>setUP
                     </div>
                     <div>
                        <b>Signature: </b>setUP()[pri:0, instance:SELENIUM.DEMO.AUTOMATIZACION.REGISTRO.TC_03_TiendaVerifLoginInvalidDatos@2d928643]
                     </div>
                     <div>
                        <b>Start time: </b>16:05:37
                     </div>
                     <div>
                        <b>End time: </b>16:06:12
                     </div>
                     <div>
                        <b>Duration: </b>35s
                        
                     </div>
                  </div>
               </td>
            </tr>
            <tr></tr>
            <tr id="SELENIUM.DEMO.AUTOMATIZACION.REGISTRO.TC_03_TiendaVerifLoginInvalidDatos_test1_byStatus_passed_PASS2_row"
                class="testMethodStatusPASS">
               <td width="100%" class="firstMethodCell">
                  <a onclick="toggleDetailsVisibility('SELENIUM.DEMO.AUTOMATIZACION.REGISTRO.TC_03_TiendaVerifLoginInvalidDatos_test1_byStatus_passed_PASS2_details')">test1()</a>
               </td>
               <td nowrap="true">16:06:12</td>
               <td nowrap="true" align="right">28s
                  
               </td>
               <td nowrap="true">
                   
                  
               </td>
            </tr>
            <tr>
               <td colspan="4" class="detailsBox">
                  <div id="SELENIUM.DEMO.AUTOMATIZACION.REGISTRO.TC_03_TiendaVerifLoginInvalidDatos_test1_byStatus_passed_PASS2_details"
                       class="testMethodDetails">
                     <div>
                        <b>Name: </b>test1
                     </div>
                     <div>
                        <b>Description: </b>Se valida los menus
                     </div>
                     <div>
                        <b>Signature: </b>test1()[pri:0, instance:SELENIUM.DEMO.AUTOMATIZACION.REGISTRO.TC_03_TiendaVerifLoginInvalidDatos@2d928643]
                     </div>
                     <div>
                        <b>Start time: </b>16:06:12
                     </div>
                     <div>
                        <b>End time: </b>16:06:41
                     </div>
                     <div>
                        <b>Duration: </b>28s
                        
                     </div>
                  </div>
               </td>
            </tr>
            <tr></tr>
            <tr id="SELENIUM.DEMO.AUTOMATIZACION.REGISTRO.TC_03_TiendaVerifLoginInvalidDatos_test2_byStatus_passed_PASS3_row"
                class="testMethodStatusPASS">
               <td width="100%" class="firstMethodCell">
                  <a onclick="toggleDetailsVisibility('SELENIUM.DEMO.AUTOMATIZACION.REGISTRO.TC_03_TiendaVerifLoginInvalidDatos_test2_byStatus_passed_PASS3_details')">test2()</a>
               </td>
               <td nowrap="true">16:06:41</td>
               <td nowrap="true" align="right">9s
                  
               </td>
               <td nowrap="true">
                   
                  
               </td>
            </tr>
            <tr>
               <td colspan="4" class="detailsBox">
                  <div id="SELENIUM.DEMO.AUTOMATIZACION.REGISTRO.TC_03_TiendaVerifLoginInvalidDatos_test2_byStatus_passed_PASS3_details"
                       class="testMethodDetails">
                     <div>
                        <b>Name: </b>test2
                     </div>
                     <div>
                        <b>Description: </b>Se valida los Sub-menus
                     </div>
                     <div>
                        <b>Signature: </b>test2()[pri:1, instance:SELENIUM.DEMO.AUTOMATIZACION.REGISTRO.TC_03_TiendaVerifLoginInvalidDatos@2d928643]
                     </div>
                     <div>
                        <b>Start time: </b>16:06:41
                     </div>
                     <div>
                        <b>End time: </b>16:06:50
                     </div>
                     <div>
                        <b>Duration: </b>9s
                        
                     </div>
                  </div>
               </td>
            </tr>
            <tr></tr>
            <tr id="SELENIUM.DEMO.AUTOMATIZACION.REGISTRO.TC_03_TiendaVerifLoginInvalidDatos_test4_byStatus_passed_PASS4_row"
                class="testMethodStatusPASS">
               <td width="100%" class="firstMethodCell">
                  <a onclick="toggleDetailsVisibility('SELENIUM.DEMO.AUTOMATIZACION.REGISTRO.TC_03_TiendaVerifLoginInvalidDatos_test4_byStatus_passed_PASS4_details')">test4()</a>
               </td>
               <td nowrap="true">16:07:27</td>
               <td nowrap="true" align="right">6s
                  
               </td>
               <td nowrap="true">
                   
                  
               </td>
            </tr>
            <tr>
               <td colspan="4" class="detailsBox">
                  <div id="SELENIUM.DEMO.AUTOMATIZACION.REGISTRO.TC_03_TiendaVerifLoginInvalidDatos_test4_byStatus_passed_PASS4_details"
                       class="testMethodDetails">
                     <div>
                        <b>Name: </b>test4
                     </div>
                     <div>
                        <b>Description: </b>Se valida MSG Email registrado anteriormente
                     </div>
                     <div>
                        <b>Signature: </b>test4()[pri:3, instance:SELENIUM.DEMO.AUTOMATIZACION.REGISTRO.TC_03_TiendaVerifLoginInvalidDatos@2d928643]
                     </div>
                     <div>
                        <b>Start time: </b>16:07:27
                     </div>
                     <div>
                        <b>End time: </b>16:07:34
                     </div>
                     <div>
                        <b>Duration: </b>6s
                        
                     </div>
                  </div>
               </td>
            </tr>
            <tr></tr>
         </table>
      </div>
      <div id="testMethodsByClass">
         <table class="testMethodsTable" cellpadding="0" cellspacing="0">
            <tr>
               <td colspan="4">
                  <h3 style="display: inline;">SELENIUM.DEMO.AUTOMATIZACION.REGISTRO.TC_03_TiendaVerifLoginInvalidDatos</h3>
               </td>
            </tr>
            <tr class="methodsTableHeader">
               <td width="100%">Name</td>
               <td nowrap="true">Started</td>
               <td nowrap="true">Duration</td>
               <td>Exception</td>
            </tr>
            <tr id="SELENIUM.DEMO.AUTOMATIZACION.REGISTRO.TC_03_TiendaVerifLoginInvalidDatos_setUP_byClass_PASS1_row"
                class="testMethodStatusPASS testMethodStatusCONF">
               <td width="100%" class="firstMethodCell">
                  <a onclick="toggleDetailsVisibility('SELENIUM.DEMO.AUTOMATIZACION.REGISTRO.TC_03_TiendaVerifLoginInvalidDatos_setUP_byClass_PASS1_details')">setUP()</a>
               </td>
               <td nowrap="true">16:05:37</td>
               <td nowrap="true" align="right">35s
                  
               </td>
               <td nowrap="true">
                   
                  
               </td>
            </tr>
            <tr>
               <td colspan="4" class="detailsBox">
                  <div id="SELENIUM.DEMO.AUTOMATIZACION.REGISTRO.TC_03_TiendaVerifLoginInvalidDatos_setUP_byClass_PASS1_details"
                       class="testMethodDetails">
                     <div>
                        <b>Name: </b>setUP
                     </div>
                     <div>
                        <b>Signature: </b>setUP()[pri:0, instance:SELENIUM.DEMO.AUTOMATIZACION.REGISTRO.TC_03_TiendaVerifLoginInvalidDatos@2d928643]
                     </div>
                     <div>
                        <b>Start time: </b>16:05:37
                     </div>
                     <div>
                        <b>End time: </b>16:06:12
                     </div>
                     <div>
                        <b>Duration: </b>35s
                        
                     </div>
                  </div>
               </td>
            </tr>
            <tr></tr>
            <tr id="SELENIUM.DEMO.AUTOMATIZACION.REGISTRO.TC_03_TiendaVerifLoginInvalidDatos_test1_byClass_PASS2_row"
                class="testMethodStatusPASS">
               <td width="100%" class="firstMethodCell">
                  <a onclick="toggleDetailsVisibility('SELENIUM.DEMO.AUTOMATIZACION.REGISTRO.TC_03_TiendaVerifLoginInvalidDatos_test1_byClass_PASS2_details')">test1()</a>
               </td>
               <td nowrap="true">16:06:12</td>
               <td nowrap="true" align="right">28s
                  
               </td>
               <td nowrap="true">
                   
                  
               </td>
            </tr>
            <tr>
               <td colspan="4" class="detailsBox">
                  <div id="SELENIUM.DEMO.AUTOMATIZACION.REGISTRO.TC_03_TiendaVerifLoginInvalidDatos_test1_byClass_PASS2_details"
                       class="testMethodDetails">
                     <div>
                        <b>Name: </b>test1
                     </div>
                     <div>
                        <b>Description: </b>Se valida los menus
                     </div>
                     <div>
                        <b>Signature: </b>test1()[pri:0, instance:SELENIUM.DEMO.AUTOMATIZACION.REGISTRO.TC_03_TiendaVerifLoginInvalidDatos@2d928643]
                     </div>
                     <div>
                        <b>Start time: </b>16:06:12
                     </div>
                     <div>
                        <b>End time: </b>16:06:41
                     </div>
                     <div>
                        <b>Duration: </b>28s
                        
                     </div>
                  </div>
               </td>
            </tr>
            <tr></tr>
            <tr id="SELENIUM.DEMO.AUTOMATIZACION.REGISTRO.TC_03_TiendaVerifLoginInvalidDatos_test2_byClass_PASS3_row"
                class="testMethodStatusPASS">
               <td width="100%" class="firstMethodCell">
                  <a onclick="toggleDetailsVisibility('SELENIUM.DEMO.AUTOMATIZACION.REGISTRO.TC_03_TiendaVerifLoginInvalidDatos_test2_byClass_PASS3_details')">test2()</a>
               </td>
               <td nowrap="true">16:06:41</td>
               <td nowrap="true" align="right">9s
                  
               </td>
               <td nowrap="true">
                   
                  
               </td>
            </tr>
            <tr>
               <td colspan="4" class="detailsBox">
                  <div id="SELENIUM.DEMO.AUTOMATIZACION.REGISTRO.TC_03_TiendaVerifLoginInvalidDatos_test2_byClass_PASS3_details"
                       class="testMethodDetails">
                     <div>
                        <b>Name: </b>test2
                     </div>
                     <div>
                        <b>Description: </b>Se valida los Sub-menus
                     </div>
                     <div>
                        <b>Signature: </b>test2()[pri:1, instance:SELENIUM.DEMO.AUTOMATIZACION.REGISTRO.TC_03_TiendaVerifLoginInvalidDatos@2d928643]
                     </div>
                     <div>
                        <b>Start time: </b>16:06:41
                     </div>
                     <div>
                        <b>End time: </b>16:06:50
                     </div>
                     <div>
                        <b>Duration: </b>9s
                        
                     </div>
                  </div>
               </td>
            </tr>
            <tr></tr>
            <tr id="SELENIUM.DEMO.AUTOMATIZACION.REGISTRO.TC_03_TiendaVerifLoginInvalidDatos_test3_byClass_FAIL4_row"
                class="testMethodStatusFAIL">
               <td width="100%" class="firstMethodCell">
                  <a onclick="toggleDetailsVisibility('SELENIUM.DEMO.AUTOMATIZACION.REGISTRO.TC_03_TiendaVerifLoginInvalidDatos_test3_byClass_FAIL4_details')">test3()</a>
               </td>
               <td nowrap="true">16:06:50</td>
               <td nowrap="true" align="right">36s
                  
               </td>
               <td nowrap="true">
                  <a onclick="toggleDetailsVisibility('SELENIUM.DEMO.AUTOMATIZACION.REGISTRO.TC_03_TiendaVerifLoginInvalidDatos_test3_byClass_FAIL4_exception')">org.openqa.selenium.NoSuchElementException: 
                     Unable to locate element: .//*[@id='id_gender1']
                     For documentation on this error, please visit: http://seleniumhq.org/exceptions/no_such_element.html
                     Build info: version: '3.4.0', revision: 'unknown', time: 'unknown'
                     System info: host: 'TOSHIBA', ip: '192.168.1.68', os.name: 'Windows 8', os.arch: 'amd64', os.version: '6.2', java.version:
                     '1.8.0_101'
                     Driver info: org.openqa.selenium.firefox.FirefoxDriver
                     Capabilities [{moz:profile=C:\Users\Xia\AppData\Local\Temp\rust_mozprofile.ds7vZogrqrVq, rotatable=false, timeouts={implicit=0.0,
                     pageLoad=300000.0, script=30000.0}, pageLoadStrategy=normal, platform=ANY, specificationLevel=0.0, moz:accessibilityChecks=false,
                     acceptInsecureCerts=false, browserVersion=55.0, platformVersion=6.2, moz:processID=5920.0, browserName=firefox, javascriptEnabled=true,
                     platformName=windows_nt}]
                     Session ID: 11565cc9-b756-439f-b01e-a90755994933
                     *** Element info: {Using=xpath, value=.//*[@id='id_gender1']}
                     
                  </a>
                   
                  
               </td>
            </tr>
            <tr>
               <td colspan="4" class="detailsBox">
                  <div id="SELENIUM.DEMO.AUTOMATIZACION.REGISTRO.TC_03_TiendaVerifLoginInvalidDatos_test3_byClass_FAIL4_details"
                       class="testMethodDetails">
                     <div>
                        <b>Name: </b>test3
                     </div>
                     <div>
                        <b>Description: </b>Generación de registro
                     </div>
                     <div>
                        <b>Signature: </b>test3()[pri:2, instance:SELENIUM.DEMO.AUTOMATIZACION.REGISTRO.TC_03_TiendaVerifLoginInvalidDatos@2d928643]
                     </div>
                     <div>
                        <b>Start time: </b>16:06:50
                     </div>
                     <div>
                        <b>End time: </b>16:07:27
                     </div>
                     <div>
                        <b>Duration: </b>36s
                        
                     </div>
                  </div>
               </td>
            </tr>
            <tr>
               <td colspan="4" class="detailsBox">
                  <div id="SELENIUM.DEMO.AUTOMATIZACION.REGISTRO.TC_03_TiendaVerifLoginInvalidDatos_test3_byClass_FAIL4_exception"
                       class="testMethodDetails">
                     <pre style="padding: 5px; margin: 0;">org.openqa.selenium.NoSuchElementException: Unable to locate element: .//*[@id='id_gender1']
                        For documentation on this error, please visit: http://seleniumhq.org/exceptions/no_such_element.html
                        Build info: version: '3.4.0', revision: 'unknown', time: 'unknown'
                        System info: host: 'TOSHIBA', ip: '192.168.1.68', os.name: 'Windows 8', os.arch: 'amd64', os.version: '6.2', java.version:
                        '1.8.0_101'
                        Driver info: org.openqa.selenium.firefox.FirefoxDriver
                        Capabilities [{moz:profile=C:\Users\Xia\AppData\Local\Temp\rust_mozprofile.ds7vZogrqrVq, rotatable=false, timeouts={implicit=0.0,
                        pageLoad=300000.0, script=30000.0}, pageLoadStrategy=normal, platform=ANY, specificationLevel=0.0, moz:accessibilityChecks=false,
                        acceptInsecureCerts=false, browserVersion=55.0, platformVersion=6.2, moz:processID=5920.0, browserName=firefox, javascriptEnabled=true,
                        platformName=windows_nt}]
                        Session ID: 11565cc9-b756-439f-b01e-a90755994933
                        *** Element info: {Using=xpath, value=.//*[@id='id_gender1']}
                        	at sun.reflect.NativeConstructorAccessorImpl.newInstance0(Native Method)
                        	at sun.reflect.NativeConstructorAccessorImpl.newInstance(Unknown Source)
                        	at sun.reflect.DelegatingConstructorAccessorImpl.newInstance(Unknown Source)
                        	at java.lang.reflect.Constructor.newInstance(Unknown Source)
                        	at org.openqa.selenium.remote.http.W3CHttpResponseCodec.createException(W3CHttpResponseCodec.java:150)
                        	at org.openqa.selenium.remote.http.W3CHttpResponseCodec.decode(W3CHttpResponseCodec.java:115)
                        	at org.openqa.selenium.remote.http.W3CHttpResponseCodec.decode(W3CHttpResponseCodec.java:45)
                        	at org.openqa.selenium.remote.HttpCommandExecutor.execute(HttpCommandExecutor.java:164)
                        	at org.openqa.selenium.remote.service.DriverCommandExecutor.execute(DriverCommandExecutor.java:82)
                        	at org.openqa.selenium.remote.RemoteWebDriver.execute(RemoteWebDriver.java:637)
                        	at org.openqa.selenium.remote.RemoteWebDriver.findElement(RemoteWebDriver.java:410)
                        	at org.openqa.selenium.remote.RemoteWebDriver.findElementByXPath(RemoteWebDriver.java:509)
                        	at org.openqa.selenium.By$ByXPath.findElement(By.java:361)
                        	at org.openqa.selenium.remote.RemoteWebDriver.findElement(RemoteWebDriver.java:402)
                        	at org.openqa.selenium.support.pagefactory.DefaultElementLocator.findElement(DefaultElementLocator.java:69)
                        	at org.openqa.selenium.support.pagefactory.internal.LocatingElementHandler.invoke(LocatingElementHandler.java:38)
                        	at com.sun.proxy.$Proxy6.click(Unknown Source)
                        	at SELENIUM.DEMO.AUTOMATIZACION.UIACTION.HomePageCreaCuentaTienda.crearCuenta(HomePageCreaCuentaTienda.java:156)
                        	at SELENIUM.DEMO.AUTOMATIZACION.REGISTRO.TC_03_TiendaVerifLoginInvalidDatos.test3(TC_03_TiendaVerifLoginInvalidDatos.java:76)
                        	at sun.reflect.NativeMethodAccessorImpl.invoke0(Native Method)
                        	at sun.reflect.NativeMethodAccessorImpl.invoke(Unknown Source)
                        	at sun.reflect.DelegatingMethodAccessorImpl.invoke(Unknown Source)
                        	at java.lang.reflect.Method.invoke(Unknown Source)
                        	at org.testng.internal.MethodInvocationHelper.invokeMethod(MethodInvocationHelper.java:104)
                        	at org.testng.internal.Invoker.invokeMethod(Invoker.java:645)
                        	at org.testng.internal.Invoker.invokeTestMethod(Invoker.java:851)
                        	at org.testng.internal.Invoker.invokeTestMethods(Invoker.java:1177)
                        	at org.testng.internal.TestMethodWorker.invokeTestMethods(TestMethodWorker.java:129)
                        	at org.testng.internal.TestMethodWorker.run(TestMethodWorker.java:112)
                        	at org.testng.TestRunner.privateRun(TestRunner.java:756)
                        	at org.testng.TestRunner.run(TestRunner.java:610)
                        	at org.testng.SuiteRunner.runTest(SuiteRunner.java:387)
                        	at org.testng.SuiteRunner.runSequentially(SuiteRunner.java:382)
                        	at org.testng.SuiteRunner.privateRun(SuiteRunner.java:340)
                        	at org.testng.SuiteRunner.run(SuiteRunner.java:289)
                        	at org.testng.SuiteRunnerWorker.runSuite(SuiteRunnerWorker.java:52)
                        	at org.testng.SuiteRunnerWorker.run(SuiteRunnerWorker.java:86)
                        	at org.testng.TestNG.runSuitesSequentially(TestNG.java:1293)
                        	at org.testng.TestNG.runSuitesLocally(TestNG.java:1218)
                        	at org.testng.TestNG.runSuites(TestNG.java:1133)
                        	at org.testng.TestNG.run(TestNG.java:1104)
                        	at org.testng.remote.AbstractRemoteTestNG.run(AbstractRemoteTestNG.java:114)
                        	at org.testng.remote.RemoteTestNG.initAndRun(RemoteTestNG.java:251)
                        	at org.testng.remote.RemoteTestNG.main(RemoteTestNG.java:77)
                     </pre>
                  </div>
               </td>
            </tr>
            <tr id="SELENIUM.DEMO.AUTOMATIZACION.REGISTRO.TC_03_TiendaVerifLoginInvalidDatos_test4_byClass_PASS5_row"
                class="testMethodStatusPASS">
               <td width="100%" class="firstMethodCell">
                  <a onclick="toggleDetailsVisibility('SELENIUM.DEMO.AUTOMATIZACION.REGISTRO.TC_03_TiendaVerifLoginInvalidDatos_test4_byClass_PASS5_details')">test4()</a>
               </td>
               <td nowrap="true">16:07:27</td>
               <td nowrap="true" align="right">6s
                  
               </td>
               <td nowrap="true">
                   
                  
               </td>
            </tr>
            <tr>
               <td colspan="4" class="detailsBox">
                  <div id="SELENIUM.DEMO.AUTOMATIZACION.REGISTRO.TC_03_TiendaVerifLoginInvalidDatos_test4_byClass_PASS5_details"
                       class="testMethodDetails">
                     <div>
                        <b>Name: </b>test4
                     </div>
                     <div>
                        <b>Description: </b>Se valida MSG Email registrado anteriormente
                     </div>
                     <div>
                        <b>Signature: </b>test4()[pri:3, instance:SELENIUM.DEMO.AUTOMATIZACION.REGISTRO.TC_03_TiendaVerifLoginInvalidDatos@2d928643]
                     </div>
                     <div>
                        <b>Start time: </b>16:07:27
                     </div>
                     <div>
                        <b>End time: </b>16:07:34
                     </div>
                     <div>
                        <b>Duration: </b>6s
                        
                     </div>
                  </div>
               </td>
            </tr>
            <tr></tr>
         </table>
         <br></br>
      </div>
      <div style="margin-top: 15px; color: gray; text-align: center; font-size: 9px;">
         Generated with
         
         <a href="http://code.google.com/p/testng-xslt/" style="color: #8888aa;"
            target="_blank">
            TestNG XSLT
            
         </a>
      </div>
   </body>
</html>